Determining if the pthread_create exist failed with the following output:
Change Dir: /home/workspace/cl_tutorial/cl_cosh/user_ie_extensions/cpu/build/CMakeFiles/CMakeTmp

Run Build Command:"/usr/bin/make" "cmTC_8aee1/fast"
/usr/bin/make -f CMakeFiles/cmTC_8aee1.dir/build.make CMakeFiles/cmTC_8aee1.dir/build
make[1]: Entering directory '/home/workspace/cl_tutorial/cl_cosh/user_ie_extensions/cpu/build/CMakeFiles/CMakeTmp'
Building C object CMakeFiles/cmTC_8aee1.dir/CheckSymbolExists.c.o
/usr/bin/cc    -std=c++11   -o CMakeFiles/cmTC_8aee1.dir/CheckSymbolExists.c.o   -c /home/workspace/cl_tutorial/cl_cosh/user_ie_extensions/cpu/build/CMakeFiles/CMakeTmp/CheckSymbolExists.c
cc1: warning: command line option ‘-std=c++11’ is valid for C++/ObjC++ but not for C
Linking C executable cmTC_8aee1
/usr/bin/cmake -E cmake_link_script CMakeFiles/cmTC_8aee1.dir/link.txt --verbose=1
/usr/bin/cc   -std=c++11    CMakeFiles/cmTC_8aee1.dir/CheckSymbolExists.c.o  -o cmTC_8aee1 -rdynamic 
CMakeFiles/cmTC_8aee1.dir/CheckSymbolExists.c.o: In function `main':
CheckSymbolExists.c:(.text+0x16): undefined reference to `pthread_create'
collect2: error: ld returned 1 exit status
CMakeFiles/cmTC_8aee1.dir/build.make:97: recipe for target 'cmTC_8aee1' failed
make[1]: *** [cmTC_8aee1] Error 1
make[1]: Leaving directory '/home/workspace/cl_tutorial/cl_cosh/user_ie_extensions/cpu/build/CMakeFiles/CMakeTmp'
Makefile:126: recipe for target 'cmTC_8aee1/fast' failed
make: *** [cmTC_8aee1/fast] Error 2

File /home/workspace/cl_tutorial/cl_cosh/user_ie_extensions/cpu/build/CMakeFiles/CMakeTmp/CheckSymbolExists.c:
/* */
#include <pthread.h>

int main(int argc, char** argv)
{
  (void)argv;
#ifndef pthread_create
  return ((int*)(&pthread_create))[argc];
#else
  (void)argc;
  return 0;
#endif
}

Determining if the function pthread_create exists in the pthreads failed with the following output:
Change Dir: /home/workspace/cl_tutorial/cl_cosh/user_ie_extensions/cpu/build/CMakeFiles/CMakeTmp

Run Build Command:"/usr/bin/make" "cmTC_884de/fast"
/usr/bin/make -f CMakeFiles/cmTC_884de.dir/build.make CMakeFiles/cmTC_884de.dir/build
make[1]: Entering directory '/home/workspace/cl_tutorial/cl_cosh/user_ie_extensions/cpu/build/CMakeFiles/CMakeTmp'
Building C object CMakeFiles/cmTC_884de.dir/CheckFunctionExists.c.o
/usr/bin/cc    -DCHECK_FUNCTION_EXISTS=pthread_create -std=c++11   -o CMakeFiles/cmTC_884de.dir/CheckFunctionExists.c.o   -c /usr/share/cmake-3.5/Modules/CheckFunctionExists.c
cc1: warning: command line option ‘-std=c++11’ is valid for C++/ObjC++ but not for C
Linking C executable cmTC_884de
/usr/bin/cmake -E cmake_link_script CMakeFiles/cmTC_884de.dir/link.txt --verbose=1
/usr/bin/cc   -DCHECK_FUNCTION_EXISTS=pthread_create -std=c++11    CMakeFiles/cmTC_884de.dir/CheckFunctionExists.c.o  -o cmTC_884de -rdynamic -lpthreads 
/usr/bin/ld: cannot find -lpthreads
collect2: error: ld returned 1 exit status
CMakeFiles/cmTC_884de.dir/build.make:97: recipe for target 'cmTC_884de' failed
make[1]: *** [cmTC_884de] Error 1
make[1]: Leaving directory '/home/workspace/cl_tutorial/cl_cosh/user_ie_extensions/cpu/build/CMakeFiles/CMakeTmp'
Makefile:126: recipe for target 'cmTC_884de/fast' failed
make: *** [cmTC_884de/fast] Error 2


